<?xml version="1.0" encoding="UTF-8"?>
<!-- Generated by org.testng.reporters.JUnitXMLReporter -->
<testsuite hostname="DESKTOP-A6IQGUP" ignored="0" name="Test" tests="4" failures="0" timestamp="07 Sep 2018 06:16:31 GMT" time="34.31" errors="0">
  <testcase name="SearchLinked" time="1.694" classname="testscript.LinkedInTest"/>
  <testcase name="SearchTwt" time="1.629" classname="testscript.TwitterTest"/>
  <testcase name="SearchInsta" time="1.706" classname="testscript.InstagramTest"/>
  <testcase name="SearchFb" time="1.8" classname="testscript.FacebookTest"/>
</testsuite> <!-- Test -->
